<?xml version="1.0" encoding="UTF-8"?>
<!-- Generated by org.testng.reporters.JUnitXMLReporter -->
<testsuite hostname="COLPT_006" name="Test" tests="1" failures="0" timestamp="3 Oct 2019 17:55:59 GMT" time="17.427" errors="0">
  <testcase name="@AfterTest afterTest" time="0.0" classname="Starwar.Star_War_Main_Page">
    <failure type="java.lang.NullPointerException">
      <![CDATA[java.lang.NullPointerException
	at Starwar.Star_War_Main_Page.afterTest(Star_War_Main_Page.java:89)
... Removed 22 stack frames]]>
    </failure>
  </testcase> <!-- @AfterTest afterTest -->
  <testcase name="Star_War" time="11.797" classname="Starwar.Star_War_Main_Page"/>
</testsuite> <!-- Test -->
