<?xml version="1.0" encoding="UTF-8"?>
<testsuite name="TestSuite" time="144.472" tests="5" errors="0" skipped="0" failures="0">
  <properties>
[...]
</properties>
  <testcase name="TestCase1" classname="swapi.Test1" time="8.013"/>
  <testcase name="Test2" classname="swapi.Test2" time="0.852"/>
  <testcase name="Star_War" classname="Starwar.Star_War_Main_Page" time="54.308"/>
  <testcase name="f" classname="Starwar.Star_War_Video_Page" time="41.711"/>
  <testcase name="Star_War_Film_Page" classname="Starwar.Star_War_Film_Page" time="39.588"/>
</testsuite>